=== 作業ログ 2025-10-18 16:38:26 ===
ステップ1: リンク管理画面のトラッキングコード表示を確認

確認結果:
- トラッキングコードは link.tracking_code として表示されている
- リンク管理画面の表で、各トラッキングリンクのコードが表示される
- これを招待コードとして使用する

ステップ2: 現在のファイルをバックアップ
2025-10-18 16:39:14: バックアップ作成開始
2025-10-18 16:39:52: バックアップ完了 - backups/before_invitation_code/

ステップ3: バックエンド実装 - 招待コード検証追加

変更ファイル: netlify-tracking/netlify/functions/agency-register.js

実装内容:
1. invitation_code パラメータを受け取る
2. agency_tracking_links テーブルで招待コードが存在するか確認
3. 存在しない場合はエラーを返す
4. 存在する場合のみ登録を許可
2025-10-18 16:40:23: バックエンド実装開始

変更完了:
- invitation_code パラメータを受け取るように修正
- 必須フィールドチェックに invitation_code を追加
- agency_tracking_links テーブルで招待コードの存在を確認
- is_active=false のリンクは招待コードとして無効
- 招待コードが無効な場合は適切なエラーメッセージを返す

2025-10-18 16:41:10: バックエンド実装完了

ステップ4: フロントエンド実装 - 招待コード入力欄追加

変更ファイル:
- netlify-tracking/agency/index.html (登録フォームに招待コード入力欄を追加)
- netlify-tracking/agency/dashboard.js (登録処理に招待コード送信を追加)

2025-10-18 16:41:10: フロントエンド実装開始

フロントエンド変更完了:
- dashboard.js: registerForm に invitation_code フィールドを追加
- dashboard.js: register()関数のAPI送信に invitation_code を追加
- index.html: 新規登録フォームに招待コード入力欄を追加
  - 必須フィールドとして設定
  - 英数字8〜20文字のpattern検証を追加
  - font-monoクラスで等幅フォント表示
  - 説明文とアイコンを追加

2025-10-18 16:42:54: フロントエンド実装完了

ステップ5: 変更をGitHubにプッシュ

実装概要:
✅ バックエンド: 招待コードの検証機能を実装
✅ フロントエンド: 新規登録フォームに招待コード入力欄を追加
✅ バリデーション: 招待コードが必須で、データベースに存在し、有効なリンクである必要がある

2025-10-18 16:42:54: GitHubプッシュ準備完了
